# JRE version: Java(TM) SE Runtime Environment (8.0_11-b12) (build 1.8.0_11-b12)
# Java VM: Java HotSpot(TM) 64-Bit Server VM (25.11-b03 mixed mode windows-amd64 compressed oops)
Heap:
 PSYoungGen      total 2560K, used 2243K [0x00000000d6100000, 0x00000000d6400000, 0x0000000100000000)
  eden space 2048K, 84% used [0x00000000d6100000,0x00000000d62b0f30,0x00000000d6300000)
  from space 512K, 100% used [0x00000000d6380000,0x00000000d6400000,0x00000000d6400000)
  to   space 512K, 0% used [0x00000000d6300000,0x00000000d6300000,0x00000000d6380000)
 ParOldGen       total 127488K, used 2626K [0x0000000082200000, 0x0000000089e80000, 0x00000000d6100000)
  object space 127488K, 2% used [0x0000000082200000,0x00000000824908d0,0x0000000089e80000)
 Metaspace       used 8798K, capacity 8956K, committed 9088K, reserved 1056768K
  class space    used 1049K, capacity 1111K, committed 1152K, reserved 1048576K
GC Heap History (8 events):
Event: 0.052 GC heap before
{Heap before GC invocations=1 (full 0):
 PSYoungGen      total 1024K, used 512K [0x00000000d6100000, 0x00000000d6280000, 0x0000000100000000)
  eden space 512K, 100% used [0x00000000d6100000,0x00000000d6180000,0x00000000d6180000)
  from space 512K, 0% used [0x00000000d6200000,0x00000000d6200000,0x00000000d6280000)
  to   space 512K, 0% used [0x00000000d6180000,0x00000000d6180000,0x00000000d6200000)
 ParOldGen       total 127488K, used 0K [0x0000000082200000, 0x0000000089e80000, 0x00000000d6100000)
  object space 127488K, 0% used [0x0000000082200000,0x0000000082200000,0x0000000089e80000)
 Metaspace       used 2679K, capacity 4494K, committed 4864K, reserved 1056768K
  class space    used 289K, capacity 386K, committed 512K, reserved 1048576K
Event: 0.052 GC heap after
Heap after GC invocations=1 (full 0):
 PSYoungGen      total 1024K, used 416K [0x00000000d6100000, 0x00000000d6300000, 0x0000000100000000)
  eden space 512K, 0% used [0x00000000d6100000,0x00000000d6100000,0x00000000d6180000)
  from space 512K, 81% used [0x00000000d6180000,0x00000000d61e8020,0x00000000d6200000)
  to   space 512K, 0% used [0x00000000d6280000,0x00000000d6280000,0x00000000d6300000)
 ParOldGen       total 127488K, used 8K [0x0000000082200000, 0x0000000089e80000, 0x00000000d6100000)
  object space 127488K, 0% used [0x0000000082200000,0x0000000082202000,0x0000000089e80000)
 Metaspace       used 2679K, capacity 4494K, committed 4864K, reserved 1056768K
  class space    used 289K, capacity 386K, committed 512K, reserved 1048576K
}
Event: 0.086 GC heap before
{Heap before GC invocations=2 (full 0):
 PSYoungGen      total 1024K, used 928K [0x00000000d6100000, 0x00000000d6300000, 0x0000000100000000)
  eden space 512K, 100% used [0x00000000d6100000,0x00000000d6180000,0x00000000d6180000)
  from space 512K, 81% used [0x00000000d6180000,0x00000000d61e8020,0x00000000d6200000)
  to   space 512K, 0% used [0x00000000d6280000,0x00000000d6280000,0x00000000d6300000)
 ParOldGen       total 127488K, used 8K [0x0000000082200000, 0x0000000089e80000, 0x00000000d6100000)
  object space 127488K, 0% used [0x0000000082200000,0x0000000082202000,0x0000000089e80000)
 Metaspace       used 4377K, capacity 4624K, committed 4864K, reserved 1056768K
  class space    used 475K, capacity 502K, committed 512K, reserved 1048576K
Event: 0.087 GC heap after
Heap after GC invocations=2 (full 0):
 PSYoungGen      total 1536K, used 480K [0x00000000d6100000, 0x00000000d6300000, 0x0000000100000000)
  eden space 1024K, 0% used [0x00000000d6100000,0x00000000d6100000,0x00000000d6200000)
  from space 512K, 93% used [0x00000000d6280000,0x00000000d62f8020,0x00000000d6300000)
  to   space 512K, 0% used [0x00000000d6200000,0x00000000d6200000,0x00000000d6280000)
 ParOldGen       total 127488K, used 72K [0x0000000082200000, 0x0000000089e80000, 0x00000000d6100000)
  object space 127488K, 0% used [0x0000000082200000,0x0000000082212000,0x0000000089e80000)
 Metaspace       used 4377K, capacity 4624K, committed 4864K, reserved 1056768K
  class space    used 475K, capacity 502K, committed 512K, reserved 1048576K
}
Event: 0.131 GC heap before
{Heap before GC invocations=3 (full 0):
 PSYoungGen      total 1536K, used 1504K [0x00000000d6100000, 0x00000000d6300000, 0x0000000100000000)
  eden space 1024K, 100% used [0x00000000d6100000,0x00000000d6200000,0x00000000d6200000)
  from space 512K, 93% used [0x00000000d6280000,0x00000000d62f8020,0x00000000d6300000)
  to   space 512K, 0% used [0x00000000d6200000,0x00000000d6200000,0x00000000d6280000)
 ParOldGen       total 127488K, used 72K [0x0000000082200000, 0x0000000089e80000, 0x00000000d6100000)
  object space 127488K, 0% used [0x0000000082200000,0x0000000082212000,0x0000000089e80000)
 Metaspace       used 6064K, capacity 6208K, committed 6400K, reserved 1056768K
  class space    used 691K, capacity 754K, committed 768K, reserved 1048576K
Event: 0.133 GC heap after
Heap after GC invocations=3 (full 0):
 PSYoungGen      total 1536K, used 480K [0x00000000d6100000, 0x00000000d6400000, 0x0000000100000000)
  eden space 1024K, 0% used [0x00000000d6100000,0x00000000d6100000,0x00000000d6200000)
  from space 512K, 93% used [0x00000000d6200000,0x00000000d6278020,0x00000000d6280000)
  to   space 512K, 0% used [0x00000000d6380000,0x00000000d6380000,0x00000000d6400000)
 ParOldGen       total 127488K, used 452K [0x0000000082200000, 0x0000000089e80000, 0x00000000d6100000)
  object space 127488K, 0% used [0x0000000082200000,0x0000000082271020,0x0000000089e80000)
 Metaspace       used 6064K, capacity 6208K, committed 6400K, reserved 1056768K
  class space    used 691K, capacity 754K, committed 768K, reserved 1048576K
}
Event: 0.179 GC heap before
{Heap before GC invocations=4 (full 0):
 PSYoungGen      total 1536K, used 1271K [0x00000000d6100000, 0x00000000d6400000, 0x0000000100000000)
  eden space 1024K, 77% used [0x00000000d6100000,0x00000000d61c5d68,0x00000000d6200000)
  from space 512K, 93% used [0x00000000d6200000,0x00000000d6278020,0x00000000d6280000)
  to   space 512K, 0% used [0x00000000d6380000,0x00000000d6380000,0x00000000d6400000)
 ParOldGen       total 127488K, used 2170K [0x0000000082200000, 0x0000000089e80000, 0x00000000d6100000)
  object space 127488K, 1% used [0x0000000082200000,0x000000008241e870,0x0000000089e80000)
 Metaspace       used 8004K, capacity 8156K, committed 8192K, reserved 1056768K
  class space    used 964K, capacity 1015K, committed 1024K, reserved 1048576K
Event: 0.180 GC heap after
Heap after GC invocations=4 (full 0):
 PSYoungGen      total 2560K, used 512K [0x00000000d6100000, 0x00000000d6400000, 0x0000000100000000)
  eden space 2048K, 0% used [0x00000000d6100000,0x00000000d6100000,0x00000000d6300000)
  from space 512K, 100% used [0x00000000d6380000,0x00000000d6400000,0x00000000d6400000)
  to   space 512K, 0% used [0x00000000d6300000,0x00000000d6300000,0x00000000d6380000)
 ParOldGen       total 127488K, used 2626K [0x0000000082200000, 0x0000000089e80000, 0x00000000d6100000)
  object space 127488K, 2% used [0x0000000082200000,0x00000000824908d0,0x0000000089e80000)
 Metaspace       used 8004K, capacity 8156K, committed 8192K, reserved 1056768K
  class space    used 964K, capacity 1015K, committed 1024K, reserved 1048576K
}

